----------------------------------------------------------------
Thu Mar 02 15:05:53 CST 2017:
Booting Derby version The Apache Software Foundation - Apache Derby - 10.13.1.1 - (1765088): instance a816c00e-015a-8dd6-ddf3-00000cd95a90 
on database directory memory:/Users/spirit/Gits/PhotoWall/photowall with class loader sun.misc.Launcher$AppClassLoader@18b4aac2 
Loaded from file:/Users/spirit/.m2/repository/org/apache/derby/derby/10.13.1.1/derby-10.13.1.1.jar
java.vendor=Oracle Corporation
java.runtime.version=1.8.0_121-b13
user.dir=/Users/spirit/Gits/PhotoWall
os.name=Mac OS X
os.arch=x86_64
os.version=10.12.3
derby.system.home=null
Database Class Loader started - derby.database.classpath=''
----------------------------------------------------------------
Thu Mar 02 15:05:54 CST 2017:
Shutting down instance a816c00e-015a-8dd6-ddf3-00000cd95a90 on database directory memory:/Users/spirit/Gits/PhotoWall/photowall with class loader sun.misc.Launcher$AppClassLoader@18b4aac2 
----------------------------------------------------------------
Thu Mar 02 15:05:55 CST 2017:
Booting Derby version The Apache Software Foundation - Apache Derby - 10.13.1.1 - (1765088): instance bcb6c0f3-015a-8dd6-ddf3-00000cd95a90 
on database directory memory:/Users/spirit/Gits/PhotoWall/photowall with class loader sun.misc.Launcher$AppClassLoader@18b4aac2 
Loaded from file:/Users/spirit/.m2/repository/org/apache/derby/derby/10.13.1.1/derby-10.13.1.1.jar
java.vendor=Oracle Corporation
java.runtime.version=1.8.0_121-b13
user.dir=/Users/spirit/Gits/PhotoWall
os.name=Mac OS X
os.arch=x86_64
os.version=10.12.3
derby.system.home=null
Database Class Loader started - derby.database.classpath=''
----------------------------------------------------------------
Thu Mar 02 15:05:55 CST 2017:
Shutting down instance bcb6c0f3-015a-8dd6-ddf3-00000cd95a90 on database directory memory:/Users/spirit/Gits/PhotoWall/photowall with class loader sun.misc.Launcher$AppClassLoader@18b4aac2 
----------------------------------------------------------------
Thu Mar 02 15:05:56 CST 2017:
Booting Derby version The Apache Software Foundation - Apache Derby - 10.13.1.1 - (1765088): instance 248d01d8-015a-8dd6-ddf3-00000cd95a90 
on database directory memory:/Users/spirit/Gits/PhotoWall/photowall with class loader sun.misc.Launcher$AppClassLoader@18b4aac2 
Loaded from file:/Users/spirit/.m2/repository/org/apache/derby/derby/10.13.1.1/derby-10.13.1.1.jar
java.vendor=Oracle Corporation
java.runtime.version=1.8.0_121-b13
user.dir=/Users/spirit/Gits/PhotoWall
os.name=Mac OS X
os.arch=x86_64
os.version=10.12.3
derby.system.home=null
Database Class Loader started - derby.database.classpath=''
----------------------------------------------------------------
Thu Mar 02 15:05:56 CST 2017:
Shutting down instance 248d01d8-015a-8dd6-ddf3-00000cd95a90 on database directory memory:/Users/spirit/Gits/PhotoWall/photowall with class loader sun.misc.Launcher$AppClassLoader@18b4aac2 
----------------------------------------------------------------
Thu Mar 02 15:05:56 CST 2017:
Booting Derby version The Apache Software Foundation - Apache Derby - 10.13.1.1 - (1765088): instance af9982bd-015a-8dd6-ddf3-00000cd95a90 
on database directory memory:/Users/spirit/Gits/PhotoWall/photowall with class loader sun.misc.Launcher$AppClassLoader@18b4aac2 
Loaded from file:/Users/spirit/.m2/repository/org/apache/derby/derby/10.13.1.1/derby-10.13.1.1.jar
java.vendor=Oracle Corporation
java.runtime.version=1.8.0_121-b13
user.dir=/Users/spirit/Gits/PhotoWall
os.name=Mac OS X
os.arch=x86_64
os.version=10.12.3
derby.system.home=null
Database Class Loader started - derby.database.classpath=''
----------------------------------------------------------------
Thu Mar 02 15:05:57 CST 2017:
Shutting down instance af9982bd-015a-8dd6-ddf3-00000cd95a90 on database directory memory:/Users/spirit/Gits/PhotoWall/photowall with class loader sun.misc.Launcher$AppClassLoader@18b4aac2 
